#-----------------------------------------------------------
# Vivado v2017.4 (64-bit)
# SW Build 2086221 on Fri Dec 15 20:55:39 MST 2017
# IP Build 2085800 on Fri Dec 15 22:25:07 MST 2017
# Start of session at: Fri Dec 21 11:04:59 2018
# Process ID: 3508
# Current directory: D:/ddproject
# Command line: vivado.exe -gui_launcher_event rodinguilauncherevent3308 D:\ddproject\ddproject.xpr
# Log file: D:/ddproject/vivado.log
# Journal file: D:/ddproject\vivado.jou
#-----------------------------------------------------------
start_gui
open_project D:/ddproject/ddproject.xpr
INFO: [Project 1-313] Project file moved from 'D:/vivado/workplace/ddproject' since last save.
Scanning sources...
Finished scanning sources
INFO: [IP_Flow 19-234] Refreshing IP repositories
INFO: [IP_Flow 19-1704] No user IP repositories specified
INFO: [IP_Flow 19-2313] Loaded Vivado IP repository 'C:/Xilinx/Vivado/2017.4/data/ip'.
open_project: Time (s): cpu = 00:00:23 ; elapsed = 00:00:10 . Memory (MB): peak = 734.078 ; gain = 40.254
update_compile_order -fileset sources_1
